{"name":"myapp","hostname":"rahul","pid":27661,"level":30,"status":"started","msg":"User Services started","time":"2021-05-14T04:38:00.579Z","v":0}
{"name":"myapp","hostname":"rahul","pid":27661,"level":30,"status":"started","msg":"Creating Form","time":"2021-05-14T04:38:29.110Z","v":0}
{"name":"myapp","hostname":"rahul","pid":27661,"level":30,"status":"started","msg":"Getting Form by Id","time":"2021-05-14T04:38:29.478Z","v":0}
{"name":"myapp","hostname":"rahul","pid":27661,"level":30,"status":"started","msg":"Getting Form by Id","time":"2021-05-14T04:39:38.334Z","v":0}
{"name":"myapp","hostname":"rahul","pid":27661,"level":30,"status":"started","msg":"submitting form","time":"2021-05-14T04:39:49.528Z","v":0}
{"name":"myapp","hostname":"rahul","pid":29383,"level":30,"status":"started","msg":"User Services started","time":"2021-05-14T05:39:49.882Z","v":0}
{"name":"myapp","hostname":"rahul","pid":29383,"level":30,"status":"started","msg":"Forms Services Started","time":"2021-05-14T05:39:49.897Z","v":0}
{"name":"myapp","hostname":"rahul","pid":29383,"level":30,"status":"started","msg":"retrieveing all forms from the DB","time":"2021-05-14T05:40:05.435Z","v":0}
{"name":"myapp","hostname":"rahul","pid":29383,"level":30,"status":"started","msg":"Getting Form by Id","time":"2021-05-14T05:40:11.395Z","v":0}
{"name":"myapp","hostname":"rahul","pid":29383,"level":30,"status":"started","msg":"editForm - Editing Forms","time":"2021-05-14T05:41:16.217Z","v":0}
{"name":"myapp","hostname":"rahul","pid":29383,"level":30,"status":"started","msg":"Getting Form by Id","time":"2021-05-14T05:41:24.197Z","v":0}
{"name":"myapp","hostname":"rahul","pid":29383,"level":30,"status":"started","msg":"submitting form","time":"2021-05-14T05:41:38.715Z","v":0}
{"name":"myapp","hostname":"rahul","pid":29383,"level":30,"status":"started","msg":"Getting Form by Id","time":"2021-05-14T05:41:42.137Z","v":0}
{"name":"myapp","hostname":"rahul","pid":29383,"level":30,"status":"started","msg":"submitting form","time":"2021-05-14T05:41:54.920Z","v":0}
{"name":"myapp","hostname":"rahul","pid":29383,"level":30,"status":"started","msg":"Getting Form by Id","time":"2021-05-14T05:41:57.811Z","v":0}
{"name":"myapp","hostname":"rahul","pid":29383,"level":30,"status":"started","msg":"submitting form","time":"2021-05-14T05:42:08.019Z","v":0}
{"name":"myapp","hostname":"rahul","pid":29383,"level":30,"status":"started","msg":"getting all responses of a form","time":"2021-05-14T05:42:12.383Z","v":0}
{"name":"myapp","hostname":"rahul","pid":29383,"level":30,"status":"started","msg":"getting all responses of a form","time":"2021-05-14T05:42:14.278Z","v":0}
{"name":"myapp","hostname":"rahul","pid":29383,"level":30,"status":"started","msg":"Login","time":"2021-05-14T05:42:42.037Z","v":0}
{"name":"myapp","hostname":"rahul","pid":29383,"level":30,"status":"started","msg":"retrieveing all forms from the DB","time":"2021-05-14T05:42:42.203Z","v":0}
